<?xml version="1.0" encoding="UTF-8"?>
<!-- Generated by org.testng.reporters.JUnitReportReporter -->
<testsuite hostname="DESKTOP-N2VD2GU.localdomain" failures="0" tests="1" name="birthdaybotTests.VerifyLogin" time="4.424" errors="0" timestamp="2021-12-08T13:43:47 CET" skipped="0">
  <testcase classname="birthdaybotTests.VerifyLogin" name="verifyValidLogin" time="4.424"/>
  <system-out/>
</testsuite> <!-- birthdaybotTests.VerifyLogin -->
